{"message":"Unauthorized request to path: /","level":"error"}
{"message":"Unauthorized request to path: /","level":"error"}
{"message":"Unauthorized request to path: /","level":"error"}
{"message":"Unauthorized request to path: /","level":"error"}
{"message":"Unauthorized request to path: /","level":"error"}
{"message":"Unauthorized request to path: /bookmarks","level":"error"}
{"message":"Unauthorized request to path: /","level":"error"}
{"message":"Unauthorized request to path: /","level":"error"}
{"message":"Unauthorized request to path: /","level":"error"}
{"message":"Book Mark with id 6e8b5ccb-77e9-4342-8fdf-e24950fa7595 has been created.","level":"info"}
{"message":"Bookmark with id 6e8b5ccb-77e9-4342-8fdf-e24950fa7595 not found.","level":"error"}
{"message":"Book Mark with id 5237cf93-8833-463b-94d4-2c04490906e8 has been created.","level":"info"}
{"message":"Bookmark with id 5237cf93-8833-463b-94d4-2c04490906e8 has been deleted.","level":"info"}
{"message":"Bookmark with id 5237cf93-8833-463b-94d4-2c04490906e8 not found.","level":"error"}
{"message":"Unauthorized request to path: /bookmarks/123456","level":"error"}
{"message":"Unauthorized request to path: /bookmarks/123456","level":"error"}
{"message":"Unauthorized request to path: /bookmarks/1","level":"error"}
{"message":"Unauthorized request to path: /bookmarks/","level":"error"}
{"message":"Unauthorized request to path: /bookmarks/123456","level":"error"}
{"message":"Unauthorized request to path: /bookmarks/123456","level":"error"}
{"message":"Unauthorized request to path: /bookmarks/","level":"error"}
{"message":"Unauthorized request to path: /bookmarks/","level":"error"}
{"message":"Unauthorized request to path: /bookmarks/3","level":"error"}
{"message":"Unauthorized request to path: /bookmarks/3","level":"error"}
{"message":"Unauthorized request to path: /bookmarks/","level":"error"}
{"message":"Bookmark with id 11 created.","level":"info"}
{"message":"Unauthorized request to path: /bookmarks/11","level":"error"}
{"message":"Bookmark with id 11 deleted.","level":"info"}
{"message":"Unauthorized request to path: /bookmarks/","level":"error"}
{"message":"Bookmark with id 12 created.","level":"info"}
{"message":"Unauthorized request to path: /bookmarks/13","level":"error"}
{"message":"Bookmark with id 13 not found.","level":"error"}
{"message":"Unauthorized request to path: /bookmarks/12","level":"error"}
{"message":"Bookmark with id 12 deleted.","level":"info"}
{"message":"Unauthorized request to path: /bookmarks/12","level":"error"}
{"message":"Bookmark with id 12 not found.","level":"error"}
{"message":"Unauthorized request to path: /bookmarks/","level":"error"}
{"message":"Bookmark with id 13 created.","level":"info"}
